#
# There is insufficient memory for the Java Runtime Environment to continue.
# Native memory allocation (malloc) failed to allocate 1048576 bytes. Error detail: AllocateHeap
# Possible reasons:
#   The system is out of physical RAM or swap space
#   This process is running with CompressedOops enabled, and the Java Heap may be blocking the growth of the native heap
# Possible solutions:
#   Reduce memory load on the system
#   Increase physical memory or swap space
#   Check if swap backing store is full
#   Decrease Java heap size (-Xmx/-Xms)
#   Decrease number of Java threads
#   Decrease Java thread stack sizes (-Xss)
#   Set larger code cache with -XX:ReservedCodeCacheSize=
#   JVM is running with Unscaled Compressed Oops mode in which the Java heap is
#     placed in the first 4GB address space. The Java Heap base address is the
#     maximum limit for the native heap growth. Please use -XX:HeapBaseMinAddress
#     to set the Java Heap base and to place the Java Heap above 4GB virtual address.
# This output file may be truncated or incomplete.
#
#  Out of Memory Error (allocation.cpp:44), pid=23588, tid=15872
#
# JRE version: OpenJDK Runtime Environment Temurin-21.0.8+9 (21.0.8+9) (build 21.0.8+9-LTS)
# Java VM: OpenJDK 64-Bit Server VM Temurin-21.0.8+9 (21.0.8+9-LTS, mixed mode, sharing, tiered, compressed oops, compressed class ptrs, parallel gc, windows-amd64)
# No core dump will be written. Minidumps are not enabled by default on client versions of Windows
#

---------------  S U M M A R Y ------------

Command Line: --add-modules=ALL-SYSTEM --add-opens=java.base/java.util=ALL-UNNAMED --add-opens=java.base/java.lang=ALL-UNNAMED --add-opens=java.base/sun.nio.fs=ALL-UNNAMED -Declipse.application=org.eclipse.jdt.ls.core.id1 -Dosgi.bundles.defaultStartLevel=4 -Declipse.product=org.eclipse.jdt.ls.core.product -Djava.import.generatesMetadataFilesAtProjectRoot=false -DDetectVMInstallationsJob.disabled=true -Dfile.encoding=utf8 -XX:+UseParallelGC -XX:GCTimeRatio=4 -XX:AdaptiveSizePolicyWeight=90 -Dsun.zip.disableMemoryMapping=true -Xmx2G -Xms100m -Xlog:disable -javaagent:c:\Users\tnghi\.vscode\extensions\redhat.java-1.47.0-win32-x64\lombok\lombok-1.18.39-4050.jar -XX:+HeapDumpOnOutOfMemoryError -XX:HeapDumpPath=c:\Users\tnghi\AppData\Roaming\Code\User\workspaceStorage\18d52623b6aa140d8827f3729fcad8b6\redhat.java -Daether.dependencyCollector.impl=bf c:\Users\tnghi\.vscode\extensions\redhat.java-1.47.0-win32-x64\server\plugins\org.eclipse.equinox.launcher_1.7.100.v20251014-1222.jar -configuration c:\Users\tnghi\AppData\Roaming\Code\User\globalStorage\redhat.java\1.47.0\config_win -data c:\Users\tnghi\AppData\Roaming\Code\User\workspaceStorage\18d52623b6aa140d8827f3729fcad8b6\redhat.java\jdt_ws --pipe=\\.\pipe\lsp-34b0d05b840413d36c95e1f201cc0140-sock

Host: 11th Gen Intel(R) Core(TM) i7-1165G7 @ 2.80GHz, 8 cores, 11G,  Windows 11 , 64 bit Build 26100 (10.0.26100.6725)
Time: Sun Nov  9 14:28:12 2025 SE Asia Standard Time elapsed time: 14676.767844 seconds (0d 4h 4m 36s)

---------------  T H R E A D  ---------------

Current thread (0x000002c2745b2f50):  JavaThread "Attach Listener" daemon [_thread_in_vm, id=15872, stack(0x000000de01200000,0x000000de01300000) (1024K)]

Stack: [0x000000de01200000,0x000000de01300000]
Native frames: (J=compiled Java code, j=interpreted, Vv=VM code, C=native code)
V  [jvm.dll+0x6d2449]
V  [jvm.dll+0x8ae341]
V  [jvm.dll+0x8b08be]
V  [jvm.dll+0x8b0fa3]
V  [jvm.dll+0x280c96]
V  [jvm.dll+0xc0347]
V  [jvm.dll+0x6d2cf9]
V  [jvm.dll+0x131116]
V  [jvm.dll+0x3f2d16]
V  [jvm.dll+0x857e6b]
V  [jvm.dll+0x6d0b0d]
C  [ucrtbase.dll+0x37b0]
C  [KERNEL32.DLL+0x2e8d7]
C  [ntdll.dll+0x8c53c]


---------------  P R O C E S S  ---------------

Threads class SMR info:
_java_thread_list=0x000002c27a57daf0, length=35, elements={
0x000002c25db4a070, 0x000002c2745ab580, 0x000002c2745aeb30, 0x000002c2745b2300,
0x000002c2745b2f50, 0x000002c2745b3ba0, 0x000002c2745b6600, 0x000002c2745b9440,
0x000002c2745eb8e0, 0x000002c27a0c4c40, 0x000002c27a301a40, 0x000002c27a867930,
0x000002c27a844100, 0x000002c27a9079e0, 0x000002c27a908410, 0x000002c27af00d90,
0x000002c27b0e9690, 0x000002c27adb93c0, 0x000002c27adbb490, 0x000002c27adbbb20,
0x000002c27ef78fc0, 0x000002c27ef77580, 0x000002c27ef7b090, 0x000002c27ef77c10,
0x000002c27ef7b720, 0x000002c27ef79650, 0x000002c27ef79ce0, 0x000002c27ef7a370,
0x000002c27ef7aa00, 0x000002c27ef782a0, 0x000002c27ef7d7f0, 0x000002c27ef7e510,
0x000002c27d11ba70, 0x000002c27adb86a0, 0x000002c24a70e210
}

Java Threads: ( => current thread )
  0x000002c25db4a070 JavaThread "main"                              [_thread_blocked, id=23180, stack(0x000000de00b00000,0x000000de00c00000) (1024K)]
  0x000002c2745ab580 JavaThread "Reference Handler"          daemon [_thread_blocked, id=16844, stack(0x000000de00f00000,0x000000de01000000) (1024K)]
  0x000002c2745aeb30 JavaThread "Finalizer"                  daemon [_thread_blocked, id=25828, stack(0x000000de01000000,0x000000de01100000) (1024K)]
  0x000002c2745b2300 JavaThread "Signal Dispatcher"          daemon [_thread_blocked, id=11748, stack(0x000000de01100000,0x000000de01200000) (1024K)]
=>0x000002c2745b2f50 JavaThread "Attach Listener"            daemon [_thread_in_vm, id=15872, stack(0x000000de01200000,0x000000de01300000) (1024K)]
  0x000002c2745b3ba0 JavaThread "Service Thread"             daemon [_thread_blocked, id=18892, stack(0x000000de01300000,0x000000de01400000) (1024K)]
  0x000002c2745b6600 JavaThread "Monitor Deflation Thread"   daemon [_thread_blocked, id=12932, stack(0x000000de01400000,0x000000de01500000) (1024K)]
  0x000002c2745b9440 JavaThread "C2 CompilerThread0"         daemon [_thread_blocked, id=10164, stack(0x000000de01500000,0x000000de01600000) (1024K)]
  0x000002c2745eb8e0 JavaThread "C1 CompilerThread0"         daemon [_thread_blocked, id=20884, stack(0x000000de01600000,0x000000de01700000) (1024K)]
  0x000002c27a0c4c40 JavaThread "Common-Cleaner"             daemon [_thread_blocked, id=1252, stack(0x000000de01700000,0x000000de01800000) (1024K)]
  0x000002c27a301a40 JavaThread "Notification Thread"        daemon [_thread_blocked, id=26860, stack(0x000000de01800000,0x000000de01900000) (1024K)]
  0x000002c27a867930 JavaThread "Active Thread: Equinox Container: ad43f7a5-14fe-441c-b967-0d9ef9b5b28f"        [_thread_blocked, id=15992, stack(0x000000de02100000,0x000000de02200000) (1024K)]
  0x000002c27a844100 JavaThread "Refresh Thread: Equinox Container: ad43f7a5-14fe-441c-b967-0d9ef9b5b28f" daemon [_thread_blocked, id=15820, stack(0x000000de02200000,0x000000de02300000) (1024K)]
  0x000002c27a9079e0 JavaThread "Framework Event Dispatcher: Equinox Container: ad43f7a5-14fe-441c-b967-0d9ef9b5b28f" daemon [_thread_blocked, id=11124, stack(0x000000de02400000,0x000000de02500000) (1024K)]
  0x000002c27a908410 JavaThread "Start Level: Equinox Container: ad43f7a5-14fe-441c-b967-0d9ef9b5b28f" daemon [_thread_blocked, id=10564, stack(0x000000de02500000,0x000000de02600000) (1024K)]
  0x000002c27af00d90 JavaThread "Bundle File Closer"         daemon [_thread_blocked, id=6708, stack(0x000000de02600000,0x000000de02700000) (1024K)]
  0x000002c27b0e9690 JavaThread "SCR Component Actor"        daemon [_thread_blocked, id=6292, stack(0x000000de02700000,0x000000de02800000) (1024K)]
  0x000002c27adb93c0 JavaThread "Worker-JM"                         [_thread_blocked, id=25520, stack(0x000000de02800000,0x000000de02900000) (1024K)]
  0x000002c27adbb490 JavaThread "JNA Cleaner"                daemon [_thread_blocked, id=9580, stack(0x000000de01900000,0x000000de01a00000) (1024K)]
  0x000002c27adbbb20 JavaThread "Java indexing"              daemon [_thread_blocked, id=6976, stack(0x000000de02c00000,0x000000de02d00000) (1024K)]
  0x000002c27ef78fc0 JavaThread "Thread-1"                   daemon [_thread_in_native, id=19000, stack(0x000000de03200000,0x000000de03300000) (1024K)]
  0x000002c27ef77580 JavaThread "Thread-2"                   daemon [_thread_in_native, id=8800, stack(0x000000de03300000,0x000000de03400000) (1024K)]
  0x000002c27ef7b090 JavaThread "Thread-3"                   daemon [_thread_in_native, id=24348, stack(0x000000de03400000,0x000000de03500000) (1024K)]
  0x000002c27ef77c10 JavaThread "Thread-4"                   daemon [_thread_in_native, id=16680, stack(0x000000de03500000,0x000000de03600000) (1024K)]
  0x000002c27ef7b720 JavaThread "Thread-5"                   daemon [_thread_in_native, id=26096, stack(0x000000de03600000,0x000000de03700000) (1024K)]
  0x000002c27ef79650 JavaThread "Thread-6"                   daemon [_thread_in_native, id=26308, stack(0x000000de03700000,0x000000de03800000) (1024K)]
  0x000002c27ef79ce0 JavaThread "Thread-7"                   daemon [_thread_in_native, id=21164, stack(0x000000de03800000,0x000000de03900000) (1024K)]
  0x000002c27ef7a370 JavaThread "Thread-8"                   daemon [_thread_in_native, id=17596, stack(0x000000de03900000,0x000000de03a00000) (1024K)]
  0x000002c27ef7aa00 JavaThread "Thread-9"                   daemon [_thread_in_native, id=26344, stack(0x000000de03a00000,0x000000de03b00000) (1024K)]
  0x000002c27ef782a0 JavaThread "pool-2-thread-1"                   [_thread_blocked, id=26164, stack(0x000000de03b00000,0x000000de03c00000) (1024K)]
  0x000002c27ef7d7f0 JavaThread "WorkspaceEventsHandler"            [_thread_blocked, id=21216, stack(0x000000de03d00000,0x000000de03e00000) (1024K)]
  0x000002c27ef7e510 JavaThread "pool-1-thread-1"                   [_thread_blocked, id=25792, stack(0x000000de03e00000,0x000000de03f00000) (1024K)]
  0x000002c27d11ba70 JavaThread "Cleaner-0"                  daemon [_thread_blocked, id=7356, stack(0x000000de04d00000,0x000000de04e00000) (1024K)]
  0x000002c27adb86a0 JavaThread "Worker-11"                         [_thread_blocked, id=5260, stack(0x000000de02900000,0x000000de02a00000) (1024K)]
  0x000002c24a70e210 JavaThread "Worker-15"                         [_thread_blocked, id=27480, stack(0x000000de00800000,0x000000de00900000) (1024K)]
Total: 35

Other Threads:
  0x000002c2745925d0 VMThread "VM Thread"                           [id=26592, stack(0x000000de00e00000,0x000000de00f00000) (1024K)]
  0x000002c25dbb8a50 WatcherThread "VM Periodic Task Thread"        [id=23484, stack(0x000000de00d00000,0x000000de00e00000) (1024K)]
  0x000002c25db69710 WorkerThread "GC Thread#0"                     [id=15884, stack(0x000000de00c00000,0x000000de00d00000) (1024K)]
  0x000002c27ab1c890 WorkerThread "GC Thread#1"                     [id=12036, stack(0x000000de01b00000,0x000000de01c00000) (1024K)]
  0x000002c27ab1cc30 WorkerThread "GC Thread#2"                     [id=9540, stack(0x000000de01c00000,0x000000de01d00000) (1024K)]
  0x000002c27a5310a0 WorkerThread "GC Thread#3"                     [id=15784, stack(0x000000de01d00000,0x000000de01e00000) (1024K)]
  0x000002c27a531440 WorkerThread "GC Thread#4"                     [id=4636, stack(0x000000de01e00000,0x000000de01f00000) (1024K)]
  0x000002c27a5317e0 WorkerThread "GC Thread#5"                     [id=18508, stack(0x000000de01f00000,0x000000de02000000) (1024K)]
  0x000002c27a531b80 WorkerThread "GC Thread#6"                     [id=10264, stack(0x000000de02000000,0x000000de02100000) (1024K)]
  0x000002c27a8449d0 WorkerThread "GC Thread#7"                     [id=9680, stack(0x000000de02300000,0x000000de02400000) (1024K)]
Total: 10

Threads with active compile tasks:
Total: 0

VM state: not at safepoint (normal execution)

VM Mutex/Monitor currently owned by a thread: None

Heap address: 0x0000000080000000, size: 2048 MB, Compressed Oops mode: 32-bit

CDS archive(s) mapped at: [0x000002c200000000-0x000002c200ba0000-0x000002c200ba0000), size 12189696, SharedBaseAddress: 0x000002c200000000, ArchiveRelocationMode: 1.
Compressed class space mapped at: 0x000002c201000000-0x000002c241000000, reserved size: 1073741824
Narrow klass base: 0x000002c200000000, Narrow klass shift: 0, Narrow klass range: 0x100000000

GC Precious Log:
 CardTable entry size: 512
 CPUs: 8 total, 8 available
 Memory: 12087M
 Large Page Support: Disabled
 NUMA Support: Disabled
 Compressed Oops: Enabled (32-bit)
 Alignments: Space 512K, Generation 512K, Heap 2M
 Heap Min Capacity: 100M
 Heap Initial Capacity: 100M
 Heap Max Capacity: 2G
 Pre-touch: Disabled
 Parallel Workers: 8

Heap:
 PSYoungGen      total 12800K, used 2161K [0x00000000d5580000, 0x00000000d6380000, 0x0000000100000000)
  eden space 12288K, 14% used [0x00000000d5580000,0x00000000d57445b8,0x00000000d6180000)
  from space 512K, 68% used [0x00000000d6180000,0x00000000d61d8000,0x00000000d6200000)
  to   space 1024K, 0% used [0x00000000d6280000,0x00000000d6280000,0x00000000d6380000)
 ParOldGen       total 1051648K, used 1051251K [0x0000000080000000, 0x00000000c0300000, 0x00000000d5580000)
  object space 1051648K, 99% used [0x0000000080000000,0x00000000c029ce50,0x00000000c0300000)
 Metaspace       used 94000K, committed 95936K, reserved 1179648K
  class space    used 9546K, committed 10432K, reserved 1048576K

Card table byte_map: [0x000002c25d4f0000,0x000002c25d900000] _byte_map_base: 0x000002c25d0f0000

Marking Bits: (ParMarkBitMap*) 0x00007ffce124a340
 Begin Bits: [0x000002c26fff0000, 0x000002c271ff0000)
 End Bits:   [0x000002c271ff0000, 0x000002c273ff0000)

Polling page: 0x000002c25ba10000

Metaspace:

Usage:
  Non-class:     82.48 MB used.
      Class:      9.32 MB used.
       Both:     91.80 MB used.

Virtual space:
  Non-class space:      128.00 MB reserved,      83.50 MB ( 65%) committed,  2 nodes.
      Class space:        1.00 GB reserved,      10.19 MB ( <1%) committed,  1 nodes.
             Both:        1.12 GB reserved,      93.69 MB (  8%) committed. 

Chunk freelists:
   Non-Class:  12.47 MB
       Class:  5.77 MB
        Both:  18.24 MB

MaxMetaspaceSize: unlimited
CompressedClassSpaceSize: 1.00 GB
Initial GC threshold: 21.00 MB
Current GC threshold: 148.44 MB
CDS: on
 - commit_granule_bytes: 65536.
 - commit_granule_words: 8192.
 - virtual_space_node_default_size: 8388608.
 - enlarge_chunks_in_place: 1.
 - use_allocation_guard: 0.


Internal statistics:

num_allocs_failed_limit: 15.
num_arena_births: 1836.
num_arena_deaths: 30.
num_vsnodes_births: 3.
num_vsnodes_deaths: 0.
num_space_committed: 1498.
num_space_uncommitted: 0.
num_chunks_returned_to_freelist: 52.
num_chunks_taken_from_freelist: 6487.
num_chunk_merges: 19.
num_chunk_splits: 3844.
num_chunks_enlarged: 2036.
num_inconsistent_stats: 0.

CodeHeap 'non-profiled nmethods': size=120000Kb used=24122Kb max_used=24122Kb free=95877Kb
 bounds [0x000002c268810000, 0x000002c269fa0000, 0x000002c26fd40000]
CodeHeap 'profiled nmethods': size=120000Kb used=55816Kb max_used=55816Kb free=64183Kb
 bounds [0x000002c260d40000, 0x000002c2643d0000, 0x000002c268270000]
CodeHeap 'non-nmethods': size=5760Kb used=1558Kb max_used=1654Kb free=4201Kb
 bounds [0x000002c268270000, 0x000002c2684e0000, 0x000002c268810000]
CodeCache: size=245760Kb, used=81496Kb, max_used=81592Kb, free=164261Kb
 total_blobs=23219, nmethods=22347, adapters=773, full_count=0
Compilation: enabled, stopped_count=0, restarted_count=0

Compilation events (20 events):
Event: 9375.735 Thread 0x000002c2745b9440 25862       4       java.util.concurrent.ThreadPoolExecutor::afterExecute (1 bytes)
Event: 9375.735 Thread 0x000002c2745b9440 nmethod 25862 0x000002c269f9c690 code [0x000002c269f9c820, 0x000002c269f9c8a8]
Event: 9965.265 Thread 0x000002c2745eb8e0 25863   !   3       org.eclipse.core.internal.jobs.WorkerPool::startJob (345 bytes)
Event: 9965.285 Thread 0x000002c2745eb8e0 nmethod 25863 0x000002c2643b9990 code [0x000002c2643b9f20, 0x000002c2643bca30]
Event: 11315.177 Thread 0x000002c2745eb8e0 25864       3       java.util.IdentityHashMap::<init> (44 bytes)
Event: 11315.181 Thread 0x000002c2745eb8e0 nmethod 25864 0x000002c2643bde10 code [0x000002c2643be080, 0x000002c2643be9d8]
Event: 11525.357 Thread 0x000002c2745eb8e0 25865   !   3       org.eclipse.osgi.storage.Storage::save0 (246 bytes)
Event: 11525.372 Thread 0x000002c2745eb8e0 nmethod 25865 0x000002c2643bed90 code [0x000002c2643bf2a0, 0x000002c2643c1e88]
Event: 12005.203 Thread 0x000002c2745b9440 25866       4       org.eclipse.core.internal.resources.MarkerAttributeMap::shareStrings (92 bytes)
Event: 12005.250 Thread 0x000002c2745b9440 nmethod 25866 0x000002c269f9c990 code [0x000002c269f9cb80, 0x000002c269f9d200]
Event: 12155.559 Thread 0x000002c2745b9440 25867       4       java.lang.Thread::interrupted (7 bytes)
Event: 12155.563 Thread 0x000002c2745b9440 nmethod 25867 0x000002c269f9d810 code [0x000002c269f9d9a0, 0x000002c269f9da58]
Event: 12478.235 Thread 0x000002c2745b9440 25868       4       java.util.concurrent.TimeUnit::convert (73 bytes)
Event: 12478.239 Thread 0x000002c2745b9440 nmethod 25868 0x000002c269f9db10 code [0x000002c269f9dcc0, 0x000002c269f9de50]
Event: 12928.594 Thread 0x000002c2745b9440 25869       4       java.util.concurrent.ScheduledThreadPoolExecutor::canRunInCurrentRunState (61 bytes)
Event: 12928.596 Thread 0x000002c2745b9440 nmethod 25869 0x000002c269f9df90 code [0x000002c269f9e120, 0x000002c269f9e1e8]
Event: 12928.596 Thread 0x000002c2745b9440 25870       4       java.util.concurrent.locks.AbstractQueuedSynchronizer$ConditionObject::canReacquire (38 bytes)
Event: 12928.597 Thread 0x000002c2745b9440 nmethod 25870 0x000002c269f9e310 code [0x000002c269f9e4a0, 0x000002c269f9e580]
Event: 14162.473 Thread 0x000002c2745b9440 25871       4       org.eclipse.core.filesystem.provider.FileInfo::<init> (42 bytes)
Event: 14162.477 Thread 0x000002c2745b9440 nmethod 25871 0x000002c269f9e690 code [0x000002c269f9e820, 0x000002c269f9e8d8]

GC Heap History (20 events):
Event: 2549.495 GC heap before
{Heap before GC invocations=1679 (full 5):
 PSYoungGen      total 14848K, used 14596K [0x00000000d5580000, 0x00000000d6600000, 0x0000000100000000)
  eden space 12800K, 100% used [0x00000000d5580000,0x00000000d6200000,0x00000000d6200000)
  from space 2048K, 87% used [0x00000000d6280000,0x00000000d6441210,0x00000000d6480000)
  to   space 1536K, 0% used [0x00000000d6480000,0x00000000d6480000,0x00000000d6600000)
 ParOldGen       total 1041920K, used 1041693K [0x0000000080000000, 0x00000000bf980000, 0x00000000d5580000)
  object space 1041920K, 99% used [0x0000000080000000,0x00000000bf947470,0x00000000bf980000)
 Metaspace       used 93939K, committed 95936K, reserved 1179648K
  class space    used 9546K, committed 10432K, reserved 1048576K
}
Event: 2549.498 GC heap after
{Heap after GC invocations=1679 (full 5):
 PSYoungGen      total 14336K, used 1120K [0x00000000d5580000, 0x00000000d6600000, 0x0000000100000000)
  eden space 12800K, 0% used [0x00000000d5580000,0x00000000d5580000,0x00000000d6200000)
  from space 1536K, 72% used [0x00000000d6480000,0x00000000d6598020,0x00000000d6600000)
  to   space 1536K, 0% used [0x00000000d6300000,0x00000000d6300000,0x00000000d6480000)
 ParOldGen       total 1043456K, used 1043382K [0x0000000080000000, 0x00000000bfb00000, 0x00000000d5580000)
  object space 1043456K, 99% used [0x0000000080000000,0x00000000bfaed910,0x00000000bfb00000)
 Metaspace       used 93939K, committed 95936K, reserved 1179648K
  class space    used 9546K, committed 10432K, reserved 1048576K
}
Event: 2549.520 GC heap before
{Heap before GC invocations=1680 (full 5):
 PSYoungGen      total 14336K, used 13920K [0x00000000d5580000, 0x00000000d6600000, 0x0000000100000000)
  eden space 12800K, 100% used [0x00000000d5580000,0x00000000d6200000,0x00000000d6200000)
  from space 1536K, 72% used [0x00000000d6480000,0x00000000d6598020,0x00000000d6600000)
  to   space 1536K, 0% used [0x00000000d6300000,0x00000000d6300000,0x00000000d6480000)
 ParOldGen       total 1043456K, used 1043382K [0x0000000080000000, 0x00000000bfb00000, 0x00000000d5580000)
  object space 1043456K, 99% used [0x0000000080000000,0x00000000bfaed910,0x00000000bfb00000)
 Metaspace       used 93939K, committed 95936K, reserved 1179648K
  class space    used 9546K, committed 10432K, reserved 1048576K
}
Event: 2549.524 GC heap after
{Heap after GC invocations=1680 (full 5):
 PSYoungGen      total 14336K, used 1520K [0x00000000d5580000, 0x00000000d6600000, 0x0000000100000000)
  eden space 12800K, 0% used [0x00000000d5580000,0x00000000d5580000,0x00000000d6200000)
  from space 1536K, 98% used [0x00000000d6300000,0x00000000d647c010,0x00000000d6480000)
  to   space 1536K, 0% used [0x00000000d6480000,0x00000000d6480000,0x00000000d6600000)
 ParOldGen       total 1044480K, used 1044342K [0x0000000080000000, 0x00000000bfc00000, 0x00000000d5580000)
  object space 1044480K, 99% used [0x0000000080000000,0x00000000bfbdd9b0,0x00000000bfc00000)
 Metaspace       used 93939K, committed 95936K, reserved 1179648K
  class space    used 9546K, committed 10432K, reserved 1048576K
}
Event: 2549.810 GC heap before
{Heap before GC invocations=1681 (full 5):
 PSYoungGen      total 14336K, used 14320K [0x00000000d5580000, 0x00000000d6600000, 0x0000000100000000)
  eden space 12800K, 100% used [0x00000000d5580000,0x00000000d6200000,0x00000000d6200000)
  from space 1536K, 98% used [0x00000000d6300000,0x00000000d647c010,0x00000000d6480000)
  to   space 1536K, 0% used [0x00000000d6480000,0x00000000d6480000,0x00000000d6600000)
 ParOldGen       total 1044480K, used 1044342K [0x0000000080000000, 0x00000000bfc00000, 0x00000000d5580000)
  object space 1044480K, 99% used [0x0000000080000000,0x00000000bfbdd9b0,0x00000000bfc00000)
 Metaspace       used 93941K, committed 95936K, reserved 1179648K
  class space    used 9546K, committed 10432K, reserved 1048576K
}
Event: 2549.813 GC heap after
{Heap after GC invocations=1681 (full 5):
 PSYoungGen      total 14336K, used 1412K [0x00000000d5580000, 0x00000000d6600000, 0x0000000100000000)
  eden space 12800K, 0% used [0x00000000d5580000,0x00000000d5580000,0x00000000d6200000)
  from space 1536K, 91% used [0x00000000d6480000,0x00000000d65e1210,0x00000000d6600000)
  to   space 1536K, 0% used [0x00000000d6300000,0x00000000d6300000,0x00000000d6480000)
 ParOldGen       total 1046016K, used 1045598K [0x0000000080000000, 0x00000000bfd80000, 0x00000000d5580000)
  object space 1046016K, 99% used [0x0000000080000000,0x00000000bfd17a70,0x00000000bfd80000)
 Metaspace       used 93941K, committed 95936K, reserved 1179648K
  class space    used 9546K, committed 10432K, reserved 1048576K
}
Event: 2549.826 GC heap before
{Heap before GC invocations=1682 (full 5):
 PSYoungGen      total 14336K, used 14212K [0x00000000d5580000, 0x00000000d6600000, 0x0000000100000000)
  eden space 12800K, 100% used [0x00000000d5580000,0x00000000d6200000,0x00000000d6200000)
  from space 1536K, 91% used [0x00000000d6480000,0x00000000d65e1210,0x00000000d6600000)
  to   space 1536K, 0% used [0x00000000d6300000,0x00000000d6300000,0x00000000d6480000)
 ParOldGen       total 1046016K, used 1045598K [0x0000000080000000, 0x00000000bfd80000, 0x00000000d5580000)
  object space 1046016K, 99% used [0x0000000080000000,0x00000000bfd17a70,0x00000000bfd80000)
 Metaspace       used 93941K, committed 95936K, reserved 1179648K
  class space    used 9546K, committed 10432K, reserved 1048576K
}
Event: 2549.830 GC heap after
{Heap after GC invocations=1682 (full 5):
 PSYoungGen      total 14336K, used 1040K [0x00000000d5580000, 0x00000000d6500000, 0x0000000100000000)
  eden space 12800K, 0% used [0x00000000d5580000,0x00000000d5580000,0x00000000d6200000)
  from space 1536K, 67% used [0x00000000d6300000,0x00000000d6404030,0x00000000d6480000)
  to   space 512K, 0% used [0x00000000d6480000,0x00000000d6480000,0x00000000d6500000)
 ParOldGen       total 1047040K, used 1046857K [0x0000000080000000, 0x00000000bfe80000, 0x00000000d5580000)
  object space 1047040K, 99% used [0x0000000080000000,0x00000000bfe52568,0x00000000bfe80000)
 Metaspace       used 93941K, committed 95936K, reserved 1179648K
  class space    used 9546K, committed 10432K, reserved 1048576K
}
Event: 4393.603 GC heap before
{Heap before GC invocations=1683 (full 5):
 PSYoungGen      total 14336K, used 13840K [0x00000000d5580000, 0x00000000d6500000, 0x0000000100000000)
  eden space 12800K, 100% used [0x00000000d5580000,0x00000000d6200000,0x00000000d6200000)
  from space 1536K, 67% used [0x00000000d6300000,0x00000000d6404030,0x00000000d6480000)
  to   space 512K, 0% used [0x00000000d6480000,0x00000000d6480000,0x00000000d6500000)
 ParOldGen       total 1047040K, used 1046857K [0x0000000080000000, 0x00000000bfe80000, 0x00000000d5580000)
  object space 1047040K, 99% used [0x0000000080000000,0x00000000bfe52568,0x00000000bfe80000)
 Metaspace       used 93956K, committed 95936K, reserved 1179648K
  class space    used 9546K, committed 10432K, reserved 1048576K
}
Event: 4393.660 GC heap after
{Heap after GC invocations=1683 (full 5):
 PSYoungGen      total 12800K, used 512K [0x00000000d5580000, 0x00000000d6800000, 0x0000000100000000)
  eden space 12288K, 0% used [0x00000000d5580000,0x00000000d5580000,0x00000000d6180000)
  from space 512K, 100% used [0x00000000d6480000,0x00000000d6500000,0x00000000d6500000)
  to   space 3072K, 0% used [0x00000000d6180000,0x00000000d6180000,0x00000000d6480000)
 ParOldGen       total 1049088K, used 1048694K [0x0000000080000000, 0x00000000c0080000, 0x00000000d5580000)
  object space 1049088K, 99% used [0x0000000080000000,0x00000000c001d850,0x00000000c0080000)
 Metaspace       used 93956K, committed 95936K, reserved 1179648K
  class space    used 9546K, committed 10432K, reserved 1048576K
}
Event: 4395.467 GC heap before
{Heap before GC invocations=1684 (full 5):
 PSYoungGen      total 12800K, used 12800K [0x00000000d5580000, 0x00000000d6800000, 0x0000000100000000)
  eden space 12288K, 100% used [0x00000000d5580000,0x00000000d6180000,0x00000000d6180000)
  from space 512K, 100% used [0x00000000d6480000,0x00000000d6500000,0x00000000d6500000)
  to   space 3072K, 0% used [0x00000000d6180000,0x00000000d6180000,0x00000000d6480000)
 ParOldGen       total 1049088K, used 1048694K [0x0000000080000000, 0x00000000c0080000, 0x00000000d5580000)
  object space 1049088K, 99% used [0x0000000080000000,0x00000000c001d850,0x00000000c0080000)
 Metaspace       used 93960K, committed 95936K, reserved 1179648K
  class space    used 9546K, committed 10432K, reserved 1048576K
}
Event: 4395.471 GC heap after
{Heap after GC invocations=1684 (full 5):
 PSYoungGen      total 12800K, used 192K [0x00000000d5580000, 0x00000000d6500000, 0x0000000100000000)
  eden space 12288K, 0% used [0x00000000d5580000,0x00000000d5580000,0x00000000d6180000)
  from space 512K, 37% used [0x00000000d6180000,0x00000000d61b0000,0x00000000d6200000)
  to   space 1024K, 0% used [0x00000000d6400000,0x00000000d6400000,0x00000000d6500000)
 ParOldGen       total 1049600K, used 1049238K [0x0000000080000000, 0x00000000c0100000, 0x00000000d5580000)
  object space 1049600K, 99% used [0x0000000080000000,0x00000000c00a5870,0x00000000c0100000)
 Metaspace       used 93960K, committed 95936K, reserved 1179648K
  class space    used 9546K, committed 10432K, reserved 1048576K
}
Event: 4396.425 GC heap before
{Heap before GC invocations=1685 (full 5):
 PSYoungGen      total 12800K, used 12480K [0x00000000d5580000, 0x00000000d6500000, 0x0000000100000000)
  eden space 12288K, 100% used [0x00000000d5580000,0x00000000d6180000,0x00000000d6180000)
  from space 512K, 37% used [0x00000000d6180000,0x00000000d61b0000,0x00000000d6200000)
  to   space 1024K, 0% used [0x00000000d6400000,0x00000000d6400000,0x00000000d6500000)
 ParOldGen       total 1049600K, used 1049238K [0x0000000080000000, 0x00000000c0100000, 0x00000000d5580000)
  object space 1049600K, 99% used [0x0000000080000000,0x00000000c00a5870,0x00000000c0100000)
 Metaspace       used 93960K, committed 95936K, reserved 1179648K
  class space    used 9546K, committed 10432K, reserved 1048576K
}
Event: 4396.427 GC heap after
{Heap after GC invocations=1685 (full 5):
 PSYoungGen      total 12800K, used 256K [0x00000000d5580000, 0x00000000d6480000, 0x0000000100000000)
  eden space 12288K, 0% used [0x00000000d5580000,0x00000000d5580000,0x00000000d6180000)
  from space 512K, 50% used [0x00000000d6400000,0x00000000d6440000,0x00000000d6480000)
  to   space 512K, 0% used [0x00000000d6180000,0x00000000d6180000,0x00000000d6200000)
 ParOldGen       total 1049600K, used 1049294K [0x0000000080000000, 0x00000000c0100000, 0x00000000d5580000)
  object space 1049600K, 99% used [0x0000000080000000,0x00000000c00b3870,0x00000000c0100000)
 Metaspace       used 93960K, committed 95936K, reserved 1179648K
  class space    used 9546K, committed 10432K, reserved 1048576K
}
Event: 4397.612 GC heap before
{Heap before GC invocations=1686 (full 5):
 PSYoungGen      total 12800K, used 12544K [0x00000000d5580000, 0x00000000d6480000, 0x0000000100000000)
  eden space 12288K, 100% used [0x00000000d5580000,0x00000000d6180000,0x00000000d6180000)
  from space 512K, 50% used [0x00000000d6400000,0x00000000d6440000,0x00000000d6480000)
  to   space 512K, 0% used [0x00000000d6180000,0x00000000d6180000,0x00000000d6200000)
 ParOldGen       total 1049600K, used 1049294K [0x0000000080000000, 0x00000000c0100000, 0x00000000d5580000)
  object space 1049600K, 99% used [0x0000000080000000,0x00000000c00b3870,0x00000000c0100000)
 Metaspace       used 93961K, committed 95936K, reserved 1179648K
  class space    used 9546K, committed 10432K, reserved 1048576K
}
Event: 4397.614 GC heap after
{Heap after GC invocations=1686 (full 5):
 PSYoungGen      total 12800K, used 500K [0x00000000d5580000, 0x00000000d6480000, 0x0000000100000000)
  eden space 12288K, 0% used [0x00000000d5580000,0x00000000d5580000,0x00000000d6180000)
  from space 512K, 97% used [0x00000000d6180000,0x00000000d61fd230,0x00000000d6200000)
  to   space 1536K, 0% used [0x00000000d6300000,0x00000000d6300000,0x00000000d6480000)
 ParOldGen       total 1050112K, used 1049800K [0x0000000080000000, 0x00000000c0180000, 0x00000000d5580000)
  object space 1050112K, 99% used [0x0000000080000000,0x00000000c01321f8,0x00000000c0180000)
 Metaspace       used 93961K, committed 95936K, reserved 1179648K
  class space    used 9546K, committed 10432K, reserved 1048576K
}
Event: 4397.632 GC heap before
{Heap before GC invocations=1687 (full 5):
 PSYoungGen      total 12800K, used 12788K [0x00000000d5580000, 0x00000000d6480000, 0x0000000100000000)
  eden space 12288K, 100% used [0x00000000d5580000,0x00000000d6180000,0x00000000d6180000)
  from space 512K, 97% used [0x00000000d6180000,0x00000000d61fd230,0x00000000d6200000)
  to   space 1536K, 0% used [0x00000000d6300000,0x00000000d6300000,0x00000000d6480000)
 ParOldGen       total 1050112K, used 1049800K [0x0000000080000000, 0x00000000c0180000, 0x00000000d5580000)
  object space 1050112K, 99% used [0x0000000080000000,0x00000000c01321f8,0x00000000c0180000)
 Metaspace       used 93961K, committed 95936K, reserved 1179648K
  class space    used 9546K, committed 10432K, reserved 1048576K
}
Event: 4397.634 GC heap after
{Heap after GC invocations=1687 (full 5):
 PSYoungGen      total 13824K, used 1088K [0x00000000d5580000, 0x00000000d6480000, 0x0000000100000000)
  eden space 12288K, 0% used [0x00000000d5580000,0x00000000d5580000,0x00000000d6180000)
  from space 1536K, 70% used [0x00000000d6300000,0x00000000d6410040,0x00000000d6480000)
  to   space 1536K, 0% used [0x00000000d6180000,0x00000000d6180000,0x00000000d6300000)
 ParOldGen       total 1050624K, used 1050307K [0x0000000080000000, 0x00000000c0200000, 0x00000000d5580000)
  object space 1050624K, 99% used [0x0000000080000000,0x00000000c01b0d90,0x00000000c0200000)
 Metaspace       used 93961K, committed 95936K, reserved 1179648K
  class space    used 9546K, committed 10432K, reserved 1048576K
}
Event: 14162.743 GC heap before
{Heap before GC invocations=1688 (full 5):
 PSYoungGen      total 13824K, used 13376K [0x00000000d5580000, 0x00000000d6480000, 0x0000000100000000)
  eden space 12288K, 100% used [0x00000000d5580000,0x00000000d6180000,0x00000000d6180000)
  from space 1536K, 70% used [0x00000000d6300000,0x00000000d6410040,0x00000000d6480000)
  to   space 1536K, 0% used [0x00000000d6180000,0x00000000d6180000,0x00000000d6300000)
 ParOldGen       total 1050624K, used 1050307K [0x0000000080000000, 0x00000000c0200000, 0x00000000d5580000)
  object space 1050624K, 99% used [0x0000000080000000,0x00000000c01b0d90,0x00000000c0200000)
 Metaspace       used 94000K, committed 95936K, reserved 1179648K
  class space    used 9546K, committed 10432K, reserved 1048576K
}
Event: 14162.777 GC heap after
{Heap after GC invocations=1688 (full 5):
 PSYoungGen      total 12800K, used 352K [0x00000000d5580000, 0x00000000d6380000, 0x0000000100000000)
  eden space 12288K, 0% used [0x00000000d5580000,0x00000000d5580000,0x00000000d6180000)
  from space 512K, 68% used [0x00000000d6180000,0x00000000d61d8000,0x00000000d6200000)
  to   space 1024K, 0% used [0x00000000d6280000,0x00000000d6280000,0x00000000d6380000)
 ParOldGen       total 1051648K, used 1051251K [0x0000000080000000, 0x00000000c0300000, 0x00000000d5580000)
  object space 1051648K, 99% used [0x0000000080000000,0x00000000c029ce50,0x00000000c0300000)
 Metaspace       used 94000K, committed 95936K, reserved 1179648K
  class space    used 9546K, committed 10432K, reserved 1048576K
}

Dll operation events (12 events):
Event: 0.013 Loaded shared library c:\Users\tnghi\.vscode\extensions\redhat.java-1.47.0-win32-x64\jre\21.0.8-win32-x86_64\bin\java.dll
Event: 0.062 Loaded shared library c:\Users\tnghi\.vscode\extensions\redhat.java-1.47.0-win32-x64\jre\21.0.8-win32-x86_64\bin\zip.dll
Event: 0.202 Loaded shared library C:\Users\tnghi\.vscode\extensions\redhat.java-1.47.0-win32-x64\jre\21.0.8-win32-x86_64\bin\instrument.dll
Event: 0.208 Loaded shared library C:\Users\tnghi\.vscode\extensions\redhat.java-1.47.0-win32-x64\jre\21.0.8-win32-x86_64\bin\net.dll
Event: 0.211 Loaded shared library C:\Users\tnghi\.vscode\extensions\redhat.java-1.47.0-win32-x64\jre\21.0.8-win32-x86_64\bin\nio.dll
Event: 0.230 Loaded shared library C:\Users\tnghi\.vscode\extensions\redhat.java-1.47.0-win32-x64\jre\21.0.8-win32-x86_64\bin\zip.dll
Event: 0.279 Loaded shared library C:\Users\tnghi\.vscode\extensions\redhat.java-1.47.0-win32-x64\jre\21.0.8-win32-x86_64\bin\jimage.dll
Event: 0.503 Loaded shared library c:\Users\tnghi\.vscode\extensions\redhat.java-1.47.0-win32-x64\jre\21.0.8-win32-x86_64\bin\verify.dll
Event: 2.629 Loaded shared library C:\Users\tnghi\AppData\Roaming\Code\User\globalStorage\redhat.java\1.47.0\config_win\org.eclipse.equinox.launcher\org.eclipse.equinox.launcher.win32.win32.x86_64_1.2.1400.v20250801-0854\eclipse_11916.dll
Event: 4.710 Loaded shared library C:\Users\tnghi\AppData\Local\Temp\jna-110507758\jna7794316570758774602.dll
Event: 7.902 Loaded shared library C:\Users\tnghi\.vscode\extensions\redhat.java-1.47.0-win32-x64\jre\21.0.8-win32-x86_64\bin\sunmscapi.dll
Event: 8.628 Loaded shared library C:\Users\tnghi\.vscode\extensions\redhat.java-1.47.0-win32-x64\jre\21.0.8-win32-x86_64\bin\extnet.dll

Deoptimization events (20 events):
Event: 4397.659 Thread 0x000002c24a70bab0 DEOPT PACKING pc=0x000002c264213bed sp=0x000000de009feb70
Event: 4397.659 Thread 0x000002c24a70bab0 DEOPT UNPACKING pc=0x000002c2682c78e2 sp=0x000000de009fe0e8 mode 0
Event: 4397.662 Thread 0x000002c24a70bab0 DEOPT PACKING pc=0x000002c264213c56 sp=0x000000de009fec90
Event: 4397.662 Thread 0x000002c24a70bab0 DEOPT UNPACKING pc=0x000002c2682c78e2 sp=0x000000de009fe208 mode 0
Event: 4397.662 Thread 0x000002c24a70fc50 DEOPT PACKING pc=0x000002c264213c56 sp=0x000000de02afebd0
Event: 4397.662 Thread 0x000002c24a70fc50 DEOPT UNPACKING pc=0x000002c2682c78e2 sp=0x000000de02afe148 mode 0
Event: 4397.662 Thread 0x000002c24a70ce60 DEOPT PACKING pc=0x000002c264213c56 sp=0x000000de01afe980
Event: 4397.662 Thread 0x000002c24a70c7d0 DEOPT PACKING pc=0x000002c264213c56 sp=0x000000de00afec90
Event: 4397.662 Thread 0x000002c24a70ce60 DEOPT UNPACKING pc=0x000002c2682c78e2 sp=0x000000de01afdef8 mode 0
Event: 4397.662 Thread 0x000002c24a70c7d0 DEOPT UNPACKING pc=0x000002c2682c78e2 sp=0x000000de00afe208 mode 0
Event: 4397.663 Thread 0x000002c24a7102e0 DEOPT PACKING pc=0x000002c264213c56 sp=0x000000de02dfee90
Event: 4397.663 Thread 0x000002c24a70c7d0 DEOPT PACKING pc=0x000002c264213c56 sp=0x000000de00afec90
Event: 4397.663 Thread 0x000002c24a70fc50 DEOPT PACKING pc=0x000002c264213c56 sp=0x000000de02afebd0
Event: 4397.663 Thread 0x000002c24a70f5c0 DEOPT PACKING pc=0x000002c264213c56 sp=0x000000de02bfe7c0
Event: 4397.663 Thread 0x000002c24a70fc50 DEOPT UNPACKING pc=0x000002c2682c78e2 sp=0x000000de02afe148 mode 0
Event: 4397.663 Thread 0x000002c24a7102e0 DEOPT UNPACKING pc=0x000002c2682c78e2 sp=0x000000de02dfe408 mode 0
Event: 4397.663 Thread 0x000002c24a70c7d0 DEOPT UNPACKING pc=0x000002c2682c78e2 sp=0x000000de00afe208 mode 0
Event: 4397.664 Thread 0x000002c24a70f5c0 DEOPT UNPACKING pc=0x000002c2682c78e2 sp=0x000000de02bfdd38 mode 0
Event: 4397.667 Thread 0x000002c24a70e210 DEOPT PACKING pc=0x000002c264213c56 sp=0x000000de008fd950
Event: 4397.667 Thread 0x000002c24a70e210 DEOPT UNPACKING pc=0x000002c2682c78e2 sp=0x000000de008fcec8 mode 0

Classes loaded (20 events):
Event: 655.028 Loading class jdk/internal/module/IllegalAccessLogger
Event: 655.028 Loading class jdk/internal/module/IllegalAccessLogger done
Event: 665.319 Loading class jdk/internal/module/IllegalAccessLogger
Event: 665.319 Loading class jdk/internal/module/IllegalAccessLogger done
Event: 685.263 Loading class jdk/internal/module/IllegalAccessLogger
Event: 685.263 Loading class jdk/internal/module/IllegalAccessLogger done
Event: 734.161 Loading class java/util/concurrent/ConcurrentHashMap$TreeNode
Event: 734.162 Loading class java/util/concurrent/ConcurrentHashMap$TreeNode done
Event: 734.162 Loading class java/util/concurrent/ConcurrentHashMap$TreeBin
Event: 734.163 Loading class java/util/concurrent/ConcurrentHashMap$TreeBin done
Event: 755.543 Loading class jdk/internal/module/IllegalAccessLogger
Event: 755.543 Loading class jdk/internal/module/IllegalAccessLogger done
Event: 775.879 Loading class jdk/internal/module/IllegalAccessLogger
Event: 775.879 Loading class jdk/internal/module/IllegalAccessLogger done
Event: 821.678 Loading class jdk/internal/module/IllegalAccessLogger
Event: 821.678 Loading class jdk/internal/module/IllegalAccessLogger done
Event: 2290.552 Loading class jdk/internal/module/IllegalAccessLogger
Event: 2290.553 Loading class jdk/internal/module/IllegalAccessLogger done
Event: 2351.472 Loading class jdk/internal/module/IllegalAccessLogger
Event: 2351.472 Loading class jdk/internal/module/IllegalAccessLogger done

Classes unloaded (15 events):
Event: 5.690 Thread 0x000002c2745925d0 Unloading class 0x000002c2011a4400 'java/lang/invoke/LambdaForm$MH+0x000002c2011a4400'
Event: 5.690 Thread 0x000002c2745925d0 Unloading class 0x000002c2011a4000 'java/lang/invoke/LambdaForm$MH+0x000002c2011a4000'
Event: 5.690 Thread 0x000002c2745925d0 Unloading class 0x000002c2011a3c00 'java/lang/invoke/LambdaForm$MH+0x000002c2011a3c00'
Event: 5.690 Thread 0x000002c2745925d0 Unloading class 0x000002c2011a3800 'java/lang/invoke/LambdaForm$MH+0x000002c2011a3800'
Event: 5.690 Thread 0x000002c2745925d0 Unloading class 0x000002c2011a3400 'java/lang/invoke/LambdaForm$BMH+0x000002c2011a3400'
Event: 5.690 Thread 0x000002c2745925d0 Unloading class 0x000002c2011a3000 'java/lang/invoke/LambdaForm$DMH+0x000002c2011a3000'
Event: 5.690 Thread 0x000002c2745925d0 Unloading class 0x000002c2011a2000 'java/lang/invoke/LambdaForm$DMH+0x000002c2011a2000'
Event: 29.493 Thread 0x000002c2745925d0 Unloading class 0x000002c201834c00 'org/mapstruct/ap/MappingProcessor'
Event: 29.493 Thread 0x000002c2745925d0 Unloading class 0x000002c201800c00 'java/lang/invoke/LambdaForm$MH+0x000002c201800c00'
Event: 29.493 Thread 0x000002c2745925d0 Unloading class 0x000002c201800000 'java/lang/invoke/LambdaForm$MH+0x000002c201800000'
Event: 29.493 Thread 0x000002c2745925d0 Unloading class 0x000002c2017e5400 'java/lang/invoke/LambdaForm$DMH+0x000002c2017e5400'
Event: 29.493 Thread 0x000002c2745925d0 Unloading class 0x000002c20178d400 'java/lang/invoke/LambdaForm$DMH+0x000002c20178d400'
Event: 29.493 Thread 0x000002c2745925d0 Unloading class 0x000002c20178d000 'java/lang/invoke/LambdaForm$DMH+0x000002c20178d000'
Event: 29.493 Thread 0x000002c2745925d0 Unloading class 0x000002c20178cc00 'java/lang/invoke/LambdaForm$DMH+0x000002c20178cc00'
Event: 29.493 Thread 0x000002c2745925d0 Unloading class 0x000002c20178c800 'java/lang/invoke/LambdaForm$DMH+0x000002c20178c800'

Classes redefined (0 events):
No events

Internal exceptions (20 events):
Event: 755.384 Thread 0x000002c27adbbb20 Exception <a 'sun/nio/fs/WindowsException'{0x00000000d5d0eee8}> (0x00000000d5d0eee8) 
thrown [s\src\hotspot\share\prims\jni.cpp, line 520]
Event: 755.749 Thread 0x000002c27adbbb20 Exception <a 'sun/nio/fs/WindowsException'{0x00000000d5895b88}> (0x00000000d5895b88) 
thrown [s\src\hotspot\share\prims\jni.cpp, line 520]
Event: 773.516 Thread 0x000002c27ef7cad0 Exception <a 'sun/nio/fs/WindowsException'{0x00000000d561ff70}> (0x00000000d561ff70) 
thrown [s\src\hotspot\share\prims\jni.cpp, line 520]
Event: 773.516 Thread 0x000002c27ef7cad0 Exception <a 'sun/nio/fs/WindowsException'{0x00000000d5620948}> (0x00000000d5620948) 
thrown [s\src\hotspot\share\prims\jni.cpp, line 520]
Event: 775.712 Thread 0x000002c27adbbb20 Exception <a 'sun/nio/fs/WindowsException'{0x00000000d58e5388}> (0x00000000d58e5388) 
thrown [s\src\hotspot\share\prims\jni.cpp, line 520]
Event: 776.193 Thread 0x000002c27adbbb20 Exception <a 'sun/nio/fs/WindowsException'{0x00000000d57c30c0}> (0x00000000d57c30c0) 
thrown [s\src\hotspot\share\prims\jni.cpp, line 520]
Event: 821.332 Thread 0x000002c27adbbb20 Exception <a 'sun/nio/fs/WindowsException'{0x00000000d563cda8}> (0x00000000d563cda8) 
thrown [s\src\hotspot\share\prims\jni.cpp, line 520]
Event: 821.975 Thread 0x000002c27adbbb20 Exception <a 'sun/nio/fs/WindowsException'{0x00000000d59cee58}> (0x00000000d59cee58) 
thrown [s\src\hotspot\share\prims\jni.cpp, line 520]
Event: 1075.717 Thread 0x000002c27adb86a0 Exception <a 'sun/nio/fs/WindowsException'{0x00000000d589b8b8}> (0x00000000d589b8b8) 
thrown [s\src\hotspot\share\prims\jni.cpp, line 520]
Event: 1075.718 Thread 0x000002c27adb86a0 Exception <a 'sun/nio/fs/WindowsException'{0x00000000d58b3698}> (0x00000000d58b3698) 
thrown [s\src\hotspot\share\prims\jni.cpp, line 520]
Event: 2290.040 Thread 0x000002c27adbbb20 Exception <a 'sun/nio/fs/WindowsException'{0x00000000d599b5d8}> (0x00000000d599b5d8) 
thrown [s\src\hotspot\share\prims\jni.cpp, line 520]
Event: 2290.359 Thread 0x000002c27adbbb20 Exception <a 'sun/nio/fs/WindowsException'{0x00000000d59439d8}> (0x00000000d59439d8) 
thrown [s\src\hotspot\share\prims\jni.cpp, line 520]
Event: 2290.664 Thread 0x000002c27adb9a50 Implicit null exception at 0x000002c2698e4352 to 0x000002c2698e57b8
Event: 2351.236 Thread 0x000002c27ef7e510 Exception <a 'java/lang/IncompatibleClassChangeError'{0x00000000d62333a8}: Found class java.lang.Object, but interface was expected> (0x00000000d62333a8) 
thrown [s\src\hotspot\share\interpreter\linkResolver.cpp, line 840]
Event: 2351.236 Thread 0x000002c27ef7e510 Exception <a 'java/lang/IncompatibleClassChangeError'{0x00000000d62376f8}: Found class java.lang.Object, but interface was expected> (0x00000000d62376f8) 
thrown [s\src\hotspot\share\interpreter\linkResolver.cpp, line 840]
Event: 2351.321 Thread 0x000002c27adbbb20 Exception <a 'sun/nio/fs/WindowsException'{0x00000000d56b47e8}> (0x00000000d56b47e8) 
thrown [s\src\hotspot\share\prims\jni.cpp, line 520]
Event: 2351.714 Thread 0x000002c27adbbb20 Exception <a 'sun/nio/fs/WindowsException'{0x00000000d57a57f0}> (0x00000000d57a57f0) 
thrown [s\src\hotspot\share\prims\jni.cpp, line 520]
Event: 2531.394 Thread 0x000002c27d11e1d0 Implicit null exception at 0x000002c269021f1b to 0x000002c269024754
Event: 2590.108 Thread 0x000002c27adb9a50 Exception <a 'sun/nio/fs/WindowsException'{0x00000000d6033778}> (0x00000000d6033778) 
thrown [s\src\hotspot\share\prims\jni.cpp, line 520]
Event: 2590.108 Thread 0x000002c27adb9a50 Exception <a 'sun/nio/fs/WindowsException'{0x00000000d6034138}> (0x00000000d6034138) 
thrown [s\src\hotspot\share\prims\jni.cpp, line 520]

ZGC Phase Switch (0 events):
No events

VM Operations (20 events):
Event: 14430.863 Executing VM operation: HandshakeAllThreads (HandshakeForDeflation)
Event: 14430.863 Executing VM operation: HandshakeAllThreads (HandshakeForDeflation) done
Event: 14430.864 Executing VM operation: RendezvousGCThreads
Event: 14430.864 Executing VM operation: RendezvousGCThreads done
Event: 14490.950 Executing VM operation: HandshakeAllThreads (HandshakeForDeflation)
Event: 14490.950 Executing VM operation: HandshakeAllThreads (HandshakeForDeflation) done
Event: 14490.950 Executing VM operation: RendezvousGCThreads
Event: 14490.950 Executing VM operation: RendezvousGCThreads done
Event: 14551.084 Executing VM operation: HandshakeAllThreads (HandshakeForDeflation)
Event: 14551.084 Executing VM operation: HandshakeAllThreads (HandshakeForDeflation) done
Event: 14551.084 Executing VM operation: RendezvousGCThreads
Event: 14551.084 Executing VM operation: RendezvousGCThreads done
Event: 14611.217 Executing VM operation: HandshakeAllThreads (HandshakeForDeflation)
Event: 14611.217 Executing VM operation: HandshakeAllThreads (HandshakeForDeflation) done
Event: 14611.217 Executing VM operation: RendezvousGCThreads
Event: 14611.217 Executing VM operation: RendezvousGCThreads done
Event: 14671.304 Executing VM operation: HandshakeAllThreads (HandshakeForDeflation)
Event: 14671.304 Executing VM operation: HandshakeAllThreads (HandshakeForDeflation) done
Event: 14671.304 Executing VM operation: RendezvousGCThreads
Event: 14671.304 Executing VM operation: RendezvousGCThreads done

Memory protections (0 events):
No events

Nmethod flushes (20 events):
Event: 665.945 Thread 0x000002c2745925d0 flushing  nmethod 0x000002c262f4f090
Event: 665.945 Thread 0x000002c2745925d0 flushing  nmethod 0x000002c262f50490
Event: 665.945 Thread 0x000002c2745925d0 flushing  nmethod 0x000002c262f50890
Event: 665.945 Thread 0x000002c2745925d0 flushing  nmethod 0x000002c262f50e10
Event: 665.945 Thread 0x000002c2745925d0 flushing  nmethod 0x000002c262f51310
Event: 665.945 Thread 0x000002c2745925d0 flushing  nmethod 0x000002c262f53910
Event: 665.945 Thread 0x000002c2745925d0 flushing  nmethod 0x000002c262f59e90
Event: 665.945 Thread 0x000002c2745925d0 flushing  nmethod 0x000002c262f81010
Event: 665.945 Thread 0x000002c2745925d0 flushing  nmethod 0x000002c262fe1310
Event: 665.945 Thread 0x000002c2745925d0 flushing  nmethod 0x000002c262fe2010
Event: 665.945 Thread 0x000002c2745925d0 flushing  nmethod 0x000002c262ff8c10
Event: 665.945 Thread 0x000002c2745925d0 flushing  nmethod 0x000002c263008710
Event: 665.945 Thread 0x000002c2745925d0 flushing  nmethod 0x000002c26303a790
Event: 665.945 Thread 0x000002c2745925d0 flushing  nmethod 0x000002c263066090
Event: 665.945 Thread 0x000002c2745925d0 flushing  nmethod 0x000002c263066510
Event: 665.945 Thread 0x000002c2745925d0 flushing  nmethod 0x000002c263067090
Event: 665.945 Thread 0x000002c2745925d0 flushing  nmethod 0x000002c26306a410
Event: 665.945 Thread 0x000002c2745925d0 flushing  nmethod 0x000002c26309c490
Event: 665.945 Thread 0x000002c2745925d0 flushing  nmethod 0x000002c2630aa910
Event: 665.945 Thread 0x000002c2745925d0 flushing  nmethod 0x000002c2630fb810

Events (20 events):
Event: 4393.601 Thread 0x000002c27ef7e510 Thread added: 0x000002c24a70e210
Event: 4397.649 Thread 0x000002c24a70e210 Thread added: 0x000002c24a70bab0
Event: 4397.649 Thread 0x000002c24a70e210 Thread added: 0x000002c24a70c7d0
Event: 4397.650 Thread 0x000002c24a70bab0 Thread added: 0x000002c24a70ce60
Event: 4397.650 Thread 0x000002c24a70c7d0 Thread added: 0x000002c24a70fc50
Event: 4397.650 Thread 0x000002c24a70ce60 Thread added: 0x000002c24a70f5c0
Event: 4397.650 Thread 0x000002c24a70fc50 Thread added: 0x000002c24a7102e0
Event: 4457.680 Thread 0x000002c24a70e210 Thread exited: 0x000002c24a70e210
Event: 4517.683 Thread 0x000002c24a70fc50 Thread exited: 0x000002c24a70fc50
Event: 4577.684 Thread 0x000002c24a70c7d0 Thread exited: 0x000002c24a70c7d0
Event: 4637.699 Thread 0x000002c24a70f5c0 Thread exited: 0x000002c24a70f5c0
Event: 4697.714 Thread 0x000002c24a70bab0 Thread exited: 0x000002c24a70bab0
Event: 4757.722 Thread 0x000002c24a7102e0 Thread exited: 0x000002c24a7102e0
Event: 4805.144 Thread 0x000002c27adb86a0 Thread added: 0x000002c24a70e210
Event: 4805.145 Thread 0x000002c27adb9a50 Thread exited: 0x000002c27adb9a50
Event: 4817.735 Thread 0x000002c24a70ce60 Thread exited: 0x000002c24a70ce60
Event: 11315.023 Thread 0x000002c27ef7e510 Thread added: 0x000002c24a70db80
Event: 11375.200 Thread 0x000002c24a70db80 Thread exited: 0x000002c24a70db80
Event: 14162.466 Thread 0x000002c27ef7e510 Thread added: 0x000002c24a70bab0
Event: 14223.049 Thread 0x000002c24a70bab0 Thread exited: 0x000002c24a70bab0


Dynamic libraries:
0x00007ff61a810000 - 0x00007ff61a81e000 	c:\Users\tnghi\.vscode\extensions\redhat.java-1.47.0-win32-x64\jre\21.0.8-win32-x86_64\bin\java.exe
0x00007ffd18580000 - 0x00007ffd187e8000 	C:\WINDOWS\SYSTEM32\ntdll.dll
0x00007ffd17730000 - 0x00007ffd177f9000 	C:\WINDOWS\System32\KERNEL32.DLL
0x00007ffd15710000 - 0x00007ffd15b02000 	C:\WINDOWS\System32\KERNELBASE.dll
0x00007ffd15c60000 - 0x00007ffd15dab000 	C:\WINDOWS\System32\ucrtbase.dll
0x00007ffd01cf0000 - 0x00007ffd01d08000 	c:\Users\tnghi\.vscode\extensions\redhat.java-1.47.0-win32-x64\jre\21.0.8-win32-x86_64\bin\jli.dll
0x00007ffd17b00000 - 0x00007ffd17cc5000 	C:\WINDOWS\System32\USER32.dll
0x00007ffd16320000 - 0x00007ffd16347000 	C:\WINDOWS\System32\win32u.dll
0x00007ffd16740000 - 0x00007ffd1676b000 	C:\WINDOWS\System32\GDI32.dll
0x00007ffcf0ee0000 - 0x00007ffcf1173000 	C:\WINDOWS\WinSxS\amd64_microsoft.windows.common-controls_6595b64144ccf1df_6.0.26100.6899_none_3e0efeeae32e88c1\COMCTL32.dll
0x00007ffd15db0000 - 0x00007ffd15edd000 	C:\WINDOWS\System32\gdi32full.dll
0x00007ffd01cd0000 - 0x00007ffd01cee000 	c:\Users\tnghi\.vscode\extensions\redhat.java-1.47.0-win32-x64\jre\21.0.8-win32-x86_64\bin\VCRUNTIME140.dll
0x00007ffd16ad0000 - 0x00007ffd16b79000 	C:\WINDOWS\System32\msvcrt.dll
0x00007ffd16270000 - 0x00007ffd16313000 	C:\WINDOWS\System32\msvcp_win.dll
0x00007ffd16350000 - 0x00007ffd1637f000 	C:\WINDOWS\System32\IMM32.DLL
0x00007ffd11ee0000 - 0x00007ffd11eec000 	c:\Users\tnghi\.vscode\extensions\redhat.java-1.47.0-win32-x64\jre\21.0.8-win32-x86_64\bin\vcruntime140_1.dll
0x00007ffd01c40000 - 0x00007ffd01ccd000 	c:\Users\tnghi\.vscode\extensions\redhat.java-1.47.0-win32-x64\jre\21.0.8-win32-x86_64\bin\msvcp140.dll
0x00007ffce0590000 - 0x00007ffce1327000 	c:\Users\tnghi\.vscode\extensions\redhat.java-1.47.0-win32-x64\jre\21.0.8-win32-x86_64\bin\server\jvm.dll
0x00007ffd17e40000 - 0x00007ffd17ef4000 	C:\WINDOWS\System32\ADVAPI32.dll
0x00007ffd18410000 - 0x00007ffd184b6000 	C:\WINDOWS\System32\sechost.dll
0x00007ffd16870000 - 0x00007ffd16988000 	C:\WINDOWS\System32\RPCRT4.dll
0x00007ffd18390000 - 0x00007ffd18404000 	C:\WINDOWS\System32\WS2_32.dll
0x00007ffd15570000 - 0x00007ffd155ce000 	C:\WINDOWS\SYSTEM32\POWRPROF.dll
0x00007ffd12ff0000 - 0x00007ffd13025000 	C:\WINDOWS\SYSTEM32\WINMM.dll
0x00007ffcfa850000 - 0x00007ffcfa85b000 	C:\WINDOWS\SYSTEM32\VERSION.dll
0x00007ffd15550000 - 0x00007ffd15564000 	C:\WINDOWS\SYSTEM32\UMPDC.dll
0x00007ffd144e0000 - 0x00007ffd144fb000 	C:\WINDOWS\SYSTEM32\kernel.appcore.dll
0x00007ffd05d00000 - 0x00007ffd05d0a000 	c:\Users\tnghi\.vscode\extensions\redhat.java-1.47.0-win32-x64\jre\21.0.8-win32-x86_64\bin\jimage.dll
0x00007ffd12d30000 - 0x00007ffd12f72000 	C:\WINDOWS\SYSTEM32\DBGHELP.DLL
0x00007ffd163a0000 - 0x00007ffd1671b000 	C:\WINDOWS\System32\combase.dll
0x00007ffd17d60000 - 0x00007ffd17e37000 	C:\WINDOWS\System32\OLEAUT32.dll
0x00007ffd12fb0000 - 0x00007ffd12fec000 	C:\WINDOWS\SYSTEM32\dbgcore.DLL
0x00007ffd15ee0000 - 0x00007ffd15f78000 	C:\WINDOWS\System32\bcryptPrimitives.dll
0x00007ffd059e0000 - 0x00007ffd059ef000 	c:\Users\tnghi\.vscode\extensions\redhat.java-1.47.0-win32-x64\jre\21.0.8-win32-x86_64\bin\instrument.dll
0x00007ffd01bf0000 - 0x00007ffd01c0f000 	c:\Users\tnghi\.vscode\extensions\redhat.java-1.47.0-win32-x64\jre\21.0.8-win32-x86_64\bin\java.dll
0x00007ffd16d70000 - 0x00007ffd174bd000 	C:\WINDOWS\System32\SHELL32.dll
0x00007ffd15f80000 - 0x00007ffd160eb000 	C:\WINDOWS\System32\wintypes.dll
0x00007ffd13330000 - 0x00007ffd13b8d000 	C:\WINDOWS\SYSTEM32\windows.storage.dll
0x00007ffd16770000 - 0x00007ffd16862000 	C:\WINDOWS\System32\SHCORE.dll
0x00007ffd179f0000 - 0x00007ffd17a52000 	C:\WINDOWS\System32\shlwapi.dll
0x00007ffd15630000 - 0x00007ffd15659000 	C:\WINDOWS\SYSTEM32\profapi.dll
0x00007ffd01b60000 - 0x00007ffd01b78000 	c:\Users\tnghi\.vscode\extensions\redhat.java-1.47.0-win32-x64\jre\21.0.8-win32-x86_64\bin\zip.dll
0x00007ffd059f0000 - 0x00007ffd05a00000 	C:\Users\tnghi\.vscode\extensions\redhat.java-1.47.0-win32-x64\jre\21.0.8-win32-x86_64\bin\net.dll
0x00007ffd0e750000 - 0x00007ffd0e86f000 	C:\WINDOWS\SYSTEM32\WINHTTP.dll
0x00007ffd14a50000 - 0x00007ffd14abb000 	C:\WINDOWS\system32\mswsock.dll
0x00007ffd01bd0000 - 0x00007ffd01be6000 	C:\Users\tnghi\.vscode\extensions\redhat.java-1.47.0-win32-x64\jre\21.0.8-win32-x86_64\bin\nio.dll
0x00007ffd03830000 - 0x00007ffd03840000 	c:\Users\tnghi\.vscode\extensions\redhat.java-1.47.0-win32-x64\jre\21.0.8-win32-x86_64\bin\verify.dll
0x00007ffcffe90000 - 0x00007ffcffed4000 	C:\Users\tnghi\AppData\Roaming\Code\User\globalStorage\redhat.java\1.47.0\config_win\org.eclipse.equinox.launcher\org.eclipse.equinox.launcher.win32.win32.x86_64_1.2.1400.v20250801-0854\eclipse_11916.dll
0x00007ffd17800000 - 0x00007ffd17998000 	C:\WINDOWS\System32\ole32.dll
0x00007ffd14d00000 - 0x00007ffd14d1b000 	C:\WINDOWS\SYSTEM32\CRYPTSP.dll
0x00007ffd14440000 - 0x00007ffd1447b000 	C:\WINDOWS\system32\rsaenh.dll
0x00007ffd14af0000 - 0x00007ffd14b1b000 	C:\WINDOWS\SYSTEM32\USERENV.dll
0x00007ffd15600000 - 0x00007ffd15626000 	C:\WINDOWS\SYSTEM32\bcrypt.dll
0x00007ffd14d20000 - 0x00007ffd14d2c000 	C:\WINDOWS\SYSTEM32\CRYPTBASE.dll
0x00007ffd13f60000 - 0x00007ffd13f94000 	C:\WINDOWS\SYSTEM32\IPHLPAPI.DLL
0x00007ffd17a60000 - 0x00007ffd17a6a000 	C:\WINDOWS\System32\NSI.dll
0x00007ffcfee00000 - 0x00007ffcfee49000 	C:\Users\tnghi\AppData\Local\Temp\jna-110507758\jna7794316570758774602.dll
0x00007ffd16390000 - 0x00007ffd16398000 	C:\WINDOWS\System32\PSAPI.DLL
0x00007ffd0e920000 - 0x00007ffd0e93e000 	C:\WINDOWS\SYSTEM32\dhcpcsvc6.DLL
0x00007ffd0e8f0000 - 0x00007ffd0e913000 	C:\WINDOWS\SYSTEM32\dhcpcsvc.DLL
0x00007ffd01bc0000 - 0x00007ffd01bce000 	C:\Users\tnghi\.vscode\extensions\redhat.java-1.47.0-win32-x64\jre\21.0.8-win32-x86_64\bin\sunmscapi.dll
0x00007ffd160f0000 - 0x00007ffd16267000 	C:\WINDOWS\System32\CRYPT32.dll
0x00007ffd14ea0000 - 0x00007ffd14ed0000 	C:\WINDOWS\SYSTEM32\ncrypt.dll
0x00007ffd14e50000 - 0x00007ffd14e8f000 	C:\WINDOWS\SYSTEM32\NTASN1.dll
0x00007ffd13fa0000 - 0x00007ffd140c6000 	C:\WINDOWS\SYSTEM32\DNSAPI.dll
0x00007ffd0e260000 - 0x00007ffd0e26b000 	C:\Windows\System32\rasadhlp.dll
0x00007ffd0ecb0000 - 0x00007ffd0ed36000 	C:\WINDOWS\System32\fwpuclnt.dll
0x00007ffd01b90000 - 0x00007ffd01b99000 	C:\Users\tnghi\.vscode\extensions\redhat.java-1.47.0-win32-x64\jre\21.0.8-win32-x86_64\bin\extnet.dll
0x00007ffd14600000 - 0x00007ffd14636000 	C:\WINDOWS\SYSTEM32\ntmarta.dll

JVMTI agents:
c:\Users\tnghi\.vscode\extensions\redhat.java-1.47.0-win32-x64\lombok\lombok-1.18.39-4050.jar path:c:\Users\tnghi\.vscode\extensions\redhat.java-1.47.0-win32-x64\jre\21.0.8-win32-x86_64\bin\instrument.dll, loaded, initialized, instrumentlib options:none

dbghelp: loaded successfully - version: 4.0.5 - missing functions: none
symbol engine: initialized successfully - sym options: 0x614 - pdb path: .;c:\Users\tnghi\.vscode\extensions\redhat.java-1.47.0-win32-x64\jre\21.0.8-win32-x86_64\bin;C:\WINDOWS\SYSTEM32;C:\WINDOWS\WinSxS\amd64_microsoft.windows.common-controls_6595b64144ccf1df_6.0.26100.6899_none_3e0efeeae32e88c1;c:\Users\tnghi\.vscode\extensions\redhat.java-1.47.0-win32-x64\jre\21.0.8-win32-x86_64\bin\server;C:\Users\tnghi\AppData\Roaming\Code\User\globalStorage\redhat.java\1.47.0\config_win\org.eclipse.equinox.launcher\org.eclipse.equinox.launcher.win32.win32.x86_64_1.2.1400.v20250801-0854;C:\Users\tnghi\AppData\Local\Temp\jna-110507758

VM Arguments:
jvm_args: --add-modules=ALL-SYSTEM --add-opens=java.base/java.util=ALL-UNNAMED --add-opens=java.base/java.lang=ALL-UNNAMED --add-opens=java.base/sun.nio.fs=ALL-UNNAMED -Declipse.application=org.eclipse.jdt.ls.core.id1 -Dosgi.bundles.defaultStartLevel=4 -Declipse.product=org.eclipse.jdt.ls.core.product -Djava.import.generatesMetadataFilesAtProjectRoot=false -DDetectVMInstallationsJob.disabled=true -Dfile.encoding=utf8 -XX:+UseParallelGC -XX:GCTimeRatio=4 -XX:AdaptiveSizePolicyWeight=90 -Dsun.zip.disableMemoryMapping=true -Xmx2G -Xms100m -Xlog:disable -javaagent:c:\Users\tnghi\.vscode\extensions\redhat.java-1.47.0-win32-x64\lombok\lombok-1.18.39-4050.jar -XX:+HeapDumpOnOutOfMemoryError -XX:HeapDumpPath=c:\Users\tnghi\AppData\Roaming\Code\User\workspaceStorage\18d52623b6aa140d8827f3729fcad8b6\redhat.java -Daether.dependencyCollector.impl=bf 
java_command: c:\Users\tnghi\.vscode\extensions\redhat.java-1.47.0-win32-x64\server\plugins\org.eclipse.equinox.launcher_1.7.100.v20251014-1222.jar -configuration c:\Users\tnghi\AppData\Roaming\Code\User\globalStorage\redhat.java\1.47.0\config_win -data c:\Users\tnghi\AppData\Roaming\Code\User\workspaceStorage\18d52623b6aa140d8827f3729fcad8b6\redhat.java\jdt_ws --pipe=\\.\pipe\lsp-34b0d05b840413d36c95e1f201cc0140-sock
java_class_path (initial): c:\Users\tnghi\.vscode\extensions\redhat.java-1.47.0-win32-x64\server\plugins\org.eclipse.equinox.launcher_1.7.100.v20251014-1222.jar
Launcher Type: SUN_STANDARD

[Global flags]
    uintx AdaptiveSizePolicyWeight                 = 90                                        {product} {command line}
     intx CICompilerCount                          = 4                                         {product} {ergonomic}
    uintx GCTimeRatio                              = 4                                         {product} {command line}
     bool HeapDumpOnOutOfMemoryError               = true                                   {manageable} {command line}
    ccstr HeapDumpPath                             = c:\Users\tnghi\AppData\Roaming\Code\User\workspaceStorage\18d52623b6aa140d8827f3729fcad8b6\redhat.java         {manageable} {command line}
   size_t InitialHeapSize                          = 104857600                                 {product} {command line}
   size_t MaxHeapSize                              = 2147483648                                {product} {command line}
   size_t MaxNewSize                               = 715653120                                 {product} {ergonomic}
   size_t MinHeapDeltaBytes                        = 524288                                    {product} {ergonomic}
   size_t MinHeapSize                              = 104857600                                 {product} {command line}
   size_t NewSize                                  = 34603008                                  {product} {ergonomic}
    uintx NonNMethodCodeHeapSize                   = 5839372                                {pd product} {ergonomic}
    uintx NonProfiledCodeHeapSize                  = 122909434                              {pd product} {ergonomic}
   size_t OldSize                                  = 70254592                                  {product} {ergonomic}
    uintx ProfiledCodeHeapSize                     = 122909434                              {pd product} {ergonomic}
    uintx ReservedCodeCacheSize                    = 251658240                              {pd product} {ergonomic}
     bool SegmentedCodeCache                       = true                                      {product} {ergonomic}
   size_t SoftMaxHeapSize                          = 2147483648                             {manageable} {ergonomic}
     bool UseCompressedOops                        = true                           {product lp64_product} {ergonomic}
     bool UseLargePagesIndividualAllocation        = false                                  {pd product} {ergonomic}
     bool UseParallelGC                            = true                                      {product} {command line}

Logging:
Log output configuration:
 #0: stdout all=off uptime,level,tags foldmultilines=false
 #1: stderr all=off uptime,level,tags foldmultilines=false

Environment Variables:
JAVA_HOME=C:\Program Files\Eclipse Adoptium\jdk-17.0.17.10-hotspot
PATH=C:\Program Files\Eclipse Adoptium\jdk-17.0.17.10-hotspot\bin;C:\Program Files\Apache\MAVEN\apache-maven-3.9.11\bin;C:\WINDOWS;C:\WINDOWS\System32\Wbem;C:\WINDOWS\System32\WindowsPowerShell\v1.0\;C:\WINDOWS\System32\OpenSSH\;C:\Program Files\Docker\Docker\resources\bin;C:\Program Files\Git\cmd;C:\Program Files\Eclipse Adoptium\jdk-17.0.17.10-hotspot\bin;C:\Program Files\nodejs\;C:\Program Files\cursor\resources\app\bin;C:\Program Files\Eclipse Adoptium\jdk-17.0.17.10-hotspot\bin;C:\Program Files\Apache\MAVEN\apache-maven-3.9.11\bin;C:\WINDOWS;C:\WINDOWS\System32\Wbem;C:\WINDOWS\System32\WindowsPowerShell\v1.0\;C:\WINDOWS\System32\OpenSSH\;C:\Program Files\Docker\Docker\resources\bin;C:\Program Files\Git\cmd;C:\Program Files\Eclipse Adoptium\jdk-17.0.17.10-hotspot\bin;C:\Program Files\nodejs\;C:\Users\tnghi\AppData\Local\Microsoft\WindowsApps;D:\Microsoft VS Code\bin;C:\Users\tnghi\AppData\Roaming\npm;C:\Program Files\nodejs\;C:\Users\tnghi\AppData\Roaming\npm
USERNAME=tnghi
OS=Windows_NT
PROCESSOR_IDENTIFIER=Intel64 Family 6 Model 140 Stepping 1, GenuineIntel
TMP=C:\Users\tnghi\AppData\Local\Temp
TEMP=C:\Users\tnghi\AppData\Local\Temp




Periodic native trim disabled

---------------  S Y S T E M  ---------------

OS:
 Windows 11 , 64 bit Build 26100 (10.0.26100.6725)
OS uptime: 2 days 6:33 hours
Hyper-V role detected

CPU: total 8 (initial active 8) (4 cores per cpu, 2 threads per core) family 6 model 140 stepping 1 microcode 0x86, cx8, cmov, fxsr, ht, mmx, 3dnowpref, sse, sse2, sse3, ssse3, sse4.1, sse4.2, popcnt, lzcnt, tsc, tscinvbit, avx, avx2, aes, erms, clmul, bmi1, bmi2, adx, avx512f, avx512dq, avx512cd, avx512bw, avx512vl, sha, fma, vzeroupper, avx512_vpopcntdq, avx512_vpclmulqdq, avx512_vaes, avx512_vnni, clflush, clflushopt, clwb, avx512_vbmi2, avx512_vbmi, hv, rdtscp, rdpid, fsrm, gfni, avx512_bitalg, f16c, cet_ibt, cet_ss, avx512_ifma
Processor Information for processor 0
  Max Mhz: 2803, Current Mhz: 2803, Mhz Limit: 2803
Processor Information for processor 1
  Max Mhz: 2803, Current Mhz: 2803, Mhz Limit: 2803
Processor Information for processor 2
  Max Mhz: 2803, Current Mhz: 2803, Mhz Limit: 2803
Processor Information for processor 3
  Max Mhz: 2803, Current Mhz: 2803, Mhz Limit: 2803
Processor Information for processor 4
  Max Mhz: 2803, Current Mhz: 1201, Mhz Limit: 2803
Processor Information for processor 5
  Max Mhz: 2803, Current Mhz: 2803, Mhz Limit: 2803
Processor Information for processor 6
  Max Mhz: 2803, Current Mhz: 2803, Mhz Limit: 2803
Processor Information for processor 7
  Max Mhz: 2803, Current Mhz: 2803, Mhz Limit: 2803

Memory: 4k page, system-wide physical 12087M (530M free)
TotalPageFile size 29652M (AvailPageFile size 10M)
current process WorkingSet (physical memory assigned to process): 9M, peak: 1052M
current process commit charge ("private bytes"): 1480M, peak: 1482M

vm_info: OpenJDK 64-Bit Server VM (21.0.8+9-LTS) for windows-amd64 JRE (21.0.8+9-LTS), built on 2025-07-15T00:00:00Z by "admin" with MS VC++ 17.7 (VS2022)

END.
